; Liste de classement des fichiers dans les archives solides
;
; Ici, vous pouvez modifier la liste des fichiers indiquant à RAR l'ordre dans lequel
; les fichiers doivent être ajoutés dans une archive solide.
;
; Ce fichier peut contenir des noms de fichiers, des caractères génériques et une entrée spéciale : $default.
; L'entrée "default" permet de définir la position dans le classement des fichiers
; ne correspondant à aucune autre entrée du présent fichier. Les lignes commençant par un point-virgule
; ';' sont considérées comme des commentaires et ne sont pas traitées.
;
; Disposez ce fichier dans le même répertoire que RAR.EXE.
;
; Conseils pour améliorer la compression et accélérer les opérations :
;
; - les fichiers contenant des informations similaires doivent être regroupés dans
;   l'archive, si possible ;
; - les fichiers consultés fréquemment doivent être placés au début.
;
file_id.diz
descript.ion
read.*
readme.*
*.nfo
*.doc
*.txt
*.htm
*.html
*.shtml
*.css
*.xsl
*.xml
*.js
*.php
*.lst
*.log
*.ini
*.bat
*.cmd
*.h
*.hpp
*.c
*.cpp
*.java
*.asm
*.bas
*.bak
*.cue
*.rtf
*.hlp
*.inf
*.com
*.exe
*.dll
*.obj
*.lib
*.sys
*.drv
*.bin
*.bmp
*.wav
$default
*.mp3
*.mp4
*.m4a
*.mov
*.avi
*.wmv
*.wma
*.gif
*.tif
*.png
*.jpg
*.chm
*.pdf
*.cab
*.7z
*.arj
*.ha
*.lz
*.lzh
*.rar
*.zip
*.gz
*.bz2
*.xz
*.jar
*.fla
*.flac
*.ape
*.bik
*.mkv

